
Jun 26, 2018 17:30:45.22 NEW SESSION
Jun 26, 2018 17:30:45.22 [576:4088:0626/173045.224:ERROR:install_util.cc(589)] Unable to create registry key HKLM\SOFTWARE\Policies\Google\Chrome for reading result=2
Jun 26, 2018 17:30:45.48 [576:4088:0626/173045.483:ERROR:in_progress_cache_impl.cc(188)] Cache is not initialized, cannot RetrieveEntry.
Jun 26, 2018 17:30:45.51 [576:4088:0626/173045.483:ERROR:in_progress_cache_impl.cc(188)] Cache is not initialized, cannot RetrieveEntry.
Jun 26, 2018 17:30:45.52 [576:4088:0626/173045.483:ERROR:in_progress_cache_impl.cc(188)] Cache is not initialized, cannot RetrieveEntry.
Jun 26, 2018 17:30:45.53 [576:4088:0626/173045.483:ERROR:in_progress_cache_impl.cc(188)] Cache is not initialized, cannot RetrieveEntry.
Jun 26, 2018 17:30:45.56 [576:4088:0626/173045.483:ERROR:in_progress_cache_impl.cc(188)] Cache is not initialized, cannot RetrieveEntry.
Jun 26, 2018 17:30:45.58 [576:4088:0626/173045.484:ERROR:in_progress_cache_impl.cc(188)] Cache is not initialized, cannot RetrieveEntry.
Jun 26, 2018 17:30:45.59 [576:4088:0626/173045.484:ERROR:in_progress_cache_impl.cc(188)] Cache is not initialized, cannot RetrieveEntry.
Jun 26, 2018 17:30:45.60 [576:4088:0626/173045.484:ERROR:in_progress_cache_impl.cc(188)] Cache is not initialized, cannot RetrieveEntry.
Jun 26, 2018 17:30:45.61 [576:4088:0626/173045.484:ERROR:in_progress_cache_impl.cc(188)] Cache is not initialized, cannot RetrieveEntry.
Jun 26, 2018 17:30:45.61 [576:4088:0626/173045.484:ERROR:in_progress_cache_impl.cc(188)] Cache is not initialized, cannot RetrieveEntry.
Jun 26, 2018 17:30:45.62 [576:4088:0626/173045.484:ERROR:in_progress_cache_impl.cc(188)] Cache is not initialized, cannot RetrieveEntry.
Jun 26, 2018 17:30:45.63 [576:4088:0626/173045.484:ERROR:in_progress_cache_impl.cc(188)] Cache is not initialized, cannot RetrieveEntry.
Jun 26, 2018 17:30:45.64 [576:4088:0626/173045.484:ERROR:in_progress_cache_impl.cc(188)] Cache is not initialized, cannot RetrieveEntry.
Jun 26, 2018 17:30:45.64 [576:4088:0626/173045.484:ERROR:in_progress_cache_impl.cc(188)] Cache is not initialized, cannot RetrieveEntry.
Jun 26, 2018 17:30:45.65 [576:4088:0626/173045.484:ERROR:in_progress_cache_impl.cc(188)] Cache is not initialized, cannot RetrieveEntry.
Jun 26, 2018 17:30:45.66 [576:4088:0626/173045.484:ERROR:in_progress_cache_impl.cc(188)] Cache is not initialized, cannot RetrieveEntry.
Jun 26, 2018 17:30:45.67 [576:4088:0626/173045.484:ERROR:in_progress_cache_impl.cc(188)] Cache is not initialized, cannot RetrieveEntry.
Jun 26, 2018 17:30:45.71 [576:4088:0626/173045.484:ERROR:in_progress_cache_impl.cc(188)] Cache is not initialized, cannot RetrieveEntry.
Jun 26, 2018 17:30:45.71 [576:4088:0626/173045.484:ERROR:in_progress_cache_impl.cc(188)] Cache is not initialized, cannot RetrieveEntry.
Jun 26, 2018 17:30:45.72 [576:4088:0626/173045.484:ERROR:in_progress_cache_impl.cc(188)] Cache is not initialized, cannot RetrieveEntry.
Jun 26, 2018 17:30:45.72 [576:4088:0626/173045.485:ERROR:in_progress_cache_impl.cc(188)] Cache is not initialized, cannot RetrieveEntry.
Jun 26, 2018 17:30:45.73 [576:4088:0626/173045.485:ERROR:in_progress_cache_impl.cc(188)] Cache is not initialized, cannot RetrieveEntry.
Jun 26, 2018 17:30:45.73 [576:4088:0626/173045.485:ERROR:in_progress_cache_impl.cc(188)] Cache is not initialized, cannot RetrieveEntry.
Jun 26, 2018 17:30:45.73 [576:4088:0626/173045.485:ERROR:in_progress_cache_impl.cc(188)] Cache is not initialized, cannot RetrieveEntry.
Jun 26, 2018 17:30:45.74 [576:4088:0626/173045.485:ERROR:in_progress_cache_impl.cc(188)] Cache is not initialized, cannot RetrieveEntry.
Jun 26, 2018 17:30:45.74 [576:4088:0626/173045.485:ERROR:in_progress_cache_impl.cc(188)] Cache is not initialized, cannot RetrieveEntry.
Jun 26, 2018 17:30:45.83 [576:4088:0626/173045.485:ERROR:in_progress_cache_impl.cc(188)] Cache is not initialized, cannot RetrieveEntry.
Jun 26, 2018 17:30:45.83 [576:4088:0626/173045.485:ERROR:in_progress_cache_impl.cc(188)] Cache is not initialized, cannot RetrieveEntry.
Jun 26, 2018 17:30:45.84 [576:4088:0626/173045.485:ERROR:in_progress_cache_impl.cc(188)] Cache is not initialized, cannot RetrieveEntry.
Jun 26, 2018 17:30:45.84 [576:4088:0626/173045.485:ERROR:in_progress_cache_impl.cc(188)] Cache is not initialized, cannot RetrieveEntry.
Jun 26, 2018 17:30:45.85 [576:4088:0626/173045.485:ERROR:in_progress_cache_impl.cc(188)] Cache is not initialized, cannot RetrieveEntry.
Jun 26, 2018 17:30:45.85 [576:4088:0626/173045.485:ERROR:in_progress_cache_impl.cc(188)] Cache is not initialized, cannot RetrieveEntry.
Jun 26, 2018 17:30:45.86 [576:4088:0626/173045.485:ERROR:in_progress_cache_impl.cc(188)] Cache is not initialized, cannot RetrieveEntry.
Jun 26, 2018 17:30:45.86 [576:4088:0626/173045.486:ERROR:in_progress_cache_impl.cc(188)] Cache is not initialized, cannot RetrieveEntry.
Jun 26, 2018 17:30:45.87 [576:4088:0626/173045.486:ERROR:in_progress_cache_impl.cc(188)] Cache is not initialized, cannot RetrieveEntry.
Jun 26, 2018 17:30:45.87 [576:4088:0626/173045.486:ERROR:in_progress_cache_impl.cc(188)] Cache is not initialized, cannot RetrieveEntry.
Jun 26, 2018 17:30:45.88 [576:4088:0626/173045.486:ERROR:in_progress_cache_impl.cc(188)] Cache is not initialized, cannot RetrieveEntry.
Jun 26, 2018 17:30:45.88 [576:4088:0626/173045.486:ERROR:in_progress_cache_impl.cc(188)] Cache is not initialized, cannot RetrieveEntry.
Jun 26, 2018 17:30:45.89 [576:4088:0626/173045.486:ERROR:in_progress_cache_impl.cc(188)] Cache is not initialized, cannot RetrieveEntry.
Jun 26, 2018 17:30:45.89 [576:4088:0626/173045.486:ERROR:in_progress_cache_impl.cc(188)] Cache is not initialized, cannot RetrieveEntry.
Jun 26, 2018 17:30:45.90 [576:4088:0626/173045.486:ERROR:in_progress_cache_impl.cc(188)] Cache is not initialized, cannot RetrieveEntry.
Jun 26, 2018 17:30:45.90 [576:4088:0626/173045.487:ERROR:in_progress_cache_impl.cc(188)] Cache is not initialized, cannot RetrieveEntry.
Jun 26, 2018 17:30:56.42 [576:5940:0626/173056.422:ERROR:connection_factory_impl.cc(403)] Failed to connect to MCS endpoint with error -105
Jun 26, 2018 17:31:19.09 [576:5940:0626/173119.094:ERROR:connection_factory_impl.cc(403)] Failed to connect to MCS endpoint with error -105
Jun 26, 2018 19:16:04.23 [4844:5428:0626/191604.232:ERROR:install_util.cc(589)] Unable to create registry key HKLM\SOFTWARE\Policies\Google\Chrome for reading result=2
Jun 26, 2018 19:16:04.52 [4844:5428:0626/191604.529:ERROR:in_progress_cache_impl.cc(188)] Cache is not initialized, cannot RetrieveEntry.
Jun 26, 2018 19:16:04.59 [4844:5428:0626/191604.529:ERROR:in_progress_cache_impl.cc(188)] Cache is not initialized, cannot RetrieveEntry.
Jun 26, 2018 19:16:04.63 [4844:5428:0626/191604.529:ERROR:in_progress_cache_impl.cc(188)] Cache is not initialized, cannot RetrieveEntry.
Jun 26, 2018 19:16:04.67 [4844:5428:0626/191604.529:ERROR:in_progress_cache_impl.cc(188)] Cache is not initialized, cannot RetrieveEntry.
Jun 26, 2018 19:16:04.71 [4844:5428:0626/191604.529:ERROR:in_progress_cache_impl.cc(188)] Cache is not initialized, cannot RetrieveEntry.
Jun 26, 2018 19:16:04.72 [4844:5428:0626/191604.529:ERROR:in_progress_cache_impl.cc(188)] Cache is not initialized, cannot RetrieveEntry.
Jun 26, 2018 19:16:04.74 [4844:5428:0626/191604.529:ERROR:in_progress_cache_impl.cc(188)] Cache is not initialized, cannot RetrieveEntry.
Jun 26, 2018 19:16:04.75 [4844:5428:0626/191604.529:ERROR:in_progress_cache_impl.cc(188)] Cache is not initialized, cannot RetrieveEntry.
Jun 26, 2018 19:16:04.79 [4844:5428:0626/191604.529:ERROR:in_progress_cache_impl.cc(188)] Cache is not initialized, cannot RetrieveEntry.
Jun 26, 2018 19:16:04.80 [4844:5428:0626/191604.529:ERROR:in_progress_cache_impl.cc(188)] Cache is not initialized, cannot RetrieveEntry.
Jun 26, 2018 19:16:04.81 [4844:5428:0626/191604.529:ERROR:in_progress_cache_impl.cc(188)] Cache is not initialized, cannot RetrieveEntry.
Jun 26, 2018 19:16:04.82 [4844:5428:0626/191604.529:ERROR:in_progress_cache_impl.cc(188)] Cache is not initialized, cannot RetrieveEntry.
Jun 26, 2018 19:16:04.83 [4844:5428:0626/191604.529:ERROR:in_progress_cache_impl.cc(188)] Cache is not initialized, cannot RetrieveEntry.
Jun 26, 2018 19:16:04.84 [4844:5428:0626/191604.529:ERROR:in_progress_cache_impl.cc(188)] Cache is not initialized, cannot RetrieveEntry.
Jun 26, 2018 19:16:04.85 [4844:5428:0626/191604.529:ERROR:in_progress_cache_impl.cc(188)] Cache is not initialized, cannot RetrieveEntry.
Jun 26, 2018 19:16:04.86 [4844:5428:0626/191604.529:ERROR:in_progress_cache_impl.cc(188)] Cache is not initialized, cannot RetrieveEntry.
Jun 26, 2018 19:16:04.87 [4844:5428:0626/191604.529:ERROR:in_progress_cache_impl.cc(188)] Cache is not initialized, cannot RetrieveEntry.
Jun 26, 2018 19:16:04.88 [4844:5428:0626/191604.529:ERROR:in_progress_cache_impl.cc(188)] Cache is not initialized, cannot RetrieveEntry.
Jun 26, 2018 19:16:04.89 [4844:5428:0626/191604.529:ERROR:in_progress_cache_impl.cc(188)] Cache is not initialized, cannot RetrieveEntry.
Jun 26, 2018 19:16:04.90 [4844:5428:0626/191604.529:ERROR:in_progress_cache_impl.cc(188)] Cache is not initialized, cannot RetrieveEntry.
Jun 26, 2018 19:16:04.91 [4844:5428:0626/191604.529:ERROR:in_progress_cache_impl.cc(188)] Cache is not initialized, cannot RetrieveEntry.
Jun 26, 2018 19:16:04.92 [4844:5428:0626/191604.529:ERROR:in_progress_cache_impl.cc(188)] Cache is not initialized, cannot RetrieveEntry.
Jun 26, 2018 19:16:04.93 [4844:5428:0626/191604.529:ERROR:in_progress_cache_impl.cc(188)] Cache is not initialized, cannot RetrieveEntry.
Jun 26, 2018 19:16:04.94 [4844:5428:0626/191604.529:ERROR:in_progress_cache_impl.cc(188)] Cache is not initialized, cannot RetrieveEntry.
Jun 26, 2018 19:16:04.95 [4844:5428:0626/191604.529:ERROR:in_progress_cache_impl.cc(188)] Cache is not initialized, cannot RetrieveEntry.
Jun 26, 2018 19:16:04.96 [4844:5428:0626/191604.529:ERROR:in_progress_cache_impl.cc(188)] Cache is not initialized, cannot RetrieveEntry.
Jun 26, 2018 19:16:04.97 [4844:5428:0626/191604.529:ERROR:in_progress_cache_impl.cc(188)] Cache is not initialized, cannot RetrieveEntry.
Jun 26, 2018 19:16:04.98 [4844:5428:0626/191604.529:ERROR:in_progress_cache_impl.cc(188)] Cache is not initialized, cannot RetrieveEntry.
Jun 26, 2018 19:16:05.00 [4844:5428:0626/191604.529:ERROR:in_progress_cache_impl.cc(188)] Cache is not initialized, cannot RetrieveEntry.
Jun 26, 2018 19:16:05.00 [4844:5428:0626/191604.529:ERROR:in_progress_cache_impl.cc(188)] Cache is not initialized, cannot RetrieveEntry.
Jun 26, 2018 19:16:05.02 [4844:5428:0626/191604.529:ERROR:in_progress_cache_impl.cc(188)] Cache is not initialized, cannot RetrieveEntry.
Jun 26, 2018 19:16:05.04 [4844:5428:0626/191604.529:ERROR:in_progress_cache_impl.cc(188)] Cache is not initialized, cannot RetrieveEntry.
Jun 26, 2018 19:16:05.06 [4844:5428:0626/191604.529:ERROR:in_progress_cache_impl.cc(188)] Cache is not initialized, cannot RetrieveEntry.
Jun 26, 2018 19:16:05.07 [4844:5428:0626/191604.529:ERROR:in_progress_cache_impl.cc(188)] Cache is not initialized, cannot RetrieveEntry.
Jun 26, 2018 19:16:05.08 [4844:5428:0626/191604.529:ERROR:in_progress_cache_impl.cc(188)] Cache is not initialized, cannot RetrieveEntry.
Jun 26, 2018 19:16:05.09 [4844:5428:0626/191604.529:ERROR:in_progress_cache_impl.cc(188)] Cache is not initialized, cannot RetrieveEntry.
Jun 26, 2018 19:16:05.10 [4844:5428:0626/191604.529:ERROR:in_progress_cache_impl.cc(188)] Cache is not initialized, cannot RetrieveEntry.
Jun 26, 2018 19:16:05.11 [4844:5428:0626/191604.529:ERROR:in_progress_cache_impl.cc(188)] Cache is not initialized, cannot RetrieveEntry.
Jun 26, 2018 19:16:05.12 [4844:5428:0626/191604.592:ERROR:in_progress_cache_impl.cc(188)] Cache is not initialized, cannot RetrieveEntry.
Jun 26, 2018 19:16:05.13 [4844:5428:0626/191604.592:ERROR:in_progress_cache_impl.cc(188)] Cache is not initialized, cannot RetrieveEntry.
Jun 26, 2018 19:16:05.14 [4844:5428:0626/191604.592:ERROR:in_progress_cache_impl.cc(188)] Cache is not initialized, cannot RetrieveEntry.
Jun 26, 2018 19:16:05.15 [4844:5428:0626/191604.592:ERROR:in_progress_cache_impl.cc(188)] Cache is not initialized, cannot RetrieveEntry.
Jun 26, 2018 19:16:05.17 [4844:5428:0626/191604.592:ERROR:in_progress_cache_impl.cc(188)] Cache is not initialized, cannot RetrieveEntry.
Jun 26, 2018 19:19:18.39 Unable to read VR Path Registry from C:\Users\Anant\AppData\Local\openvr\openvrpaths.vrpath
